Fri Oct 25 12:19:02 EDT 2013 Thread[main,5,main] Cleanup action starting
java.sql.SQLException: Database './scripts/../FlowVisorDB' not found.
	at org.apache.derby.impl.jdbc.SQLExceptionFactory40.getSQLException(Unknown Source)
	at org.apache.derby.impl.jdbc.Util.newEmbedSQLException(Unknown Source)
	at org.apache.derby.impl.jdbc.Util.newEmbedSQLException(Unknown Source)
	at org.apache.derby.impl.jdbc.Util.generateCsSQLException(Unknown Source)
	at org.apache.derby.impl.jdbc.EmbedConnection.newSQLException(Unknown Source)
	at org.apache.derby.impl.jdbc.EmbedConnection.handleDBNotFound(Unknown Source)
	at org.apache.derby.impl.jdbc.EmbedConnection.<init>(Unknown Source)
	at org.apache.derby.impl.jdbc.EmbedConnection30.<init>(Unknown Source)
	at org.apache.derby.impl.jdbc.EmbedConnection40.<init>(Unknown Source)
	at org.apache.derby.jdbc.Driver40.getNewEmbedConnection(Unknown Source)
	at org.apache.derby.jdbc.InternalDriver.connect(Unknown Source)
	at org.apache.derby.jdbc.EmbeddedDataSource.getConnection(Unknown Source)
	at org.apache.derby.jdbc.EmbeddedDataSource.getConnection(Unknown Source)
	at org.flowvisor.config.ConfDBHandler.getConnection(ConfDBHandler.java:53)
	at org.flowvisor.config.FlowvisorImpl.fetchDBVersion(FlowvisorImpl.java:1211)
	at sun.reflect.NativeMethodAccessorImpl.invoke0(Native Method)
	at sun.reflect.NativeMethodAccessorImpl.invoke(NativeMethodAccessorImpl.java:57)
	at sun.reflect.DelegatingMethodAccessorImpl.invoke(DelegatingMethodAccessorImpl.java:43)
	at java.lang.reflect.Method.invoke(Method.java:606)
	at org.flowvisor.config.FVConfigProxy.invoke(FVConfigProxy.java:21)
	at com.sun.proxy.$Proxy0.fetchDBVersion(Unknown Source)
	at org.flowvisor.FlowVisor.updateDB(FlowVisor.java:440)
	at org.flowvisor.FlowVisor.main(FlowVisor.java:223)
Caused by: java.sql.SQLException: Database './scripts/../FlowVisorDB' not found.
	at org.apache.derby.impl.jdbc.SQLExceptionFactory.getSQLException(Unknown Source)
	at org.apache.derby.impl.jdbc.SQLExceptionFactory40.wrapArgsForTransportAcrossDRDA(Unknown Source)
	... 23 more
============= begin nested exception, level (1) ===========
java.sql.SQLException: Database './scripts/../FlowVisorDB' not found.
	at org.apache.derby.impl.jdbc.SQLExceptionFactory.getSQLException(Unknown Source)
	at org.apache.derby.impl.jdbc.SQLExceptionFactory40.wrapArgsForTransportAcrossDRDA(Unknown Source)
	at org.apache.derby.impl.jdbc.SQLExceptionFactory40.getSQLException(Unknown Source)
	at org.apache.derby.impl.jdbc.Util.newEmbedSQLException(Unknown Source)
	at org.apache.derby.impl.jdbc.Util.newEmbedSQLException(Unknown Source)
	at org.apache.derby.impl.jdbc.Util.generateCsSQLException(Unknown Source)
	at org.apache.derby.impl.jdbc.EmbedConnection.newSQLException(Unknown Source)
	at org.apache.derby.impl.jdbc.EmbedConnection.handleDBNotFound(Unknown Source)
	at org.apache.derby.impl.jdbc.EmbedConnection.<init>(Unknown Source)
	at org.apache.derby.impl.jdbc.EmbedConnection30.<init>(Unknown Source)
	at org.apache.derby.impl.jdbc.EmbedConnection40.<init>(Unknown Source)
	at org.apache.derby.jdbc.Driver40.getNewEmbedConnection(Unknown Source)
	at org.apache.derby.jdbc.InternalDriver.connect(Unknown Source)
	at org.apache.derby.jdbc.EmbeddedDataSource.getConnection(Unknown Source)
	at org.apache.derby.jdbc.EmbeddedDataSource.getConnection(Unknown Source)
	at org.flowvisor.config.ConfDBHandler.getConnection(ConfDBHandler.java:53)
	at org.flowvisor.config.FlowvisorImpl.fetchDBVersion(FlowvisorImpl.java:1211)
	at sun.reflect.NativeMethodAccessorImpl.invoke0(Native Method)
	at sun.reflect.NativeMethodAccessorImpl.invoke(NativeMethodAccessorImpl.java:57)
	at sun.reflect.DelegatingMethodAccessorImpl.invoke(DelegatingMethodAccessorImpl.java:43)
	at java.lang.reflect.Method.invoke(Method.java:606)
	at org.flowvisor.config.FVConfigProxy.invoke(FVConfigProxy.java:21)
	at com.sun.proxy.$Proxy0.fetchDBVersion(Unknown Source)
	at org.flowvisor.FlowVisor.updateDB(FlowVisor.java:440)
	at org.flowvisor.FlowVisor.main(FlowVisor.java:223)
============= end nested exception, level (1) ===========
Cleanup action completed
